<?xml version="1.0" encoding="UTF-8"?>
<!-- Generated by org.testng.reporters.JUnitXMLReporter -->
<testsuite ignored="0" hostname="DESKTOP-CFSKSBJ" failures="0" tests="7" name="Test" time="78.449" errors="0" timestamp="2024-09-11T00:28:58 IST">
  <testcase classname="testCases.TC001_AccountRegistrationTest" name="verify_account_registration" time="2.219"/>
  <testcase classname="testCases.TC002_LoginTest" name="verify_login" time="1.691"/>
  <testcase classname="testCases.TC003_LoginDDT" name="verify_loginDDT" time="1.447"/>
  <testcase classname="testCases.TC003_LoginDDT" name="verify_loginDDT" time="20.838"/>
  <testcase classname="testCases.TC003_LoginDDT" name="verify_loginDDT" time="20.775"/>
  <testcase classname="testCases.TC003_LoginDDT" name="verify_loginDDT" time="20.841"/>
  <testcase classname="testCases.TC003_LoginDDT" name="verify_loginDDT" time="1.608"/>
</testsuite> <!-- Test -->
