<?xml version="1.0" encoding="UTF-8"?>
<!-- Generated by org.testng.reporters.JUnitXMLReporter -->
<testsuite ignored="0" hostname="DESKTOP-CFSKSBJ" failures="0" tests="7" name="Test" time="81.5" errors="0" timestamp="2024-09-10T22:42:31 IST">
  <testcase classname="testCases.TC001_AccountRegistrationTest" name="verify_account_registration" time="2.271"/>
  <testcase classname="testCases.TC002_LoginTest" name="verify_login" time="1.649"/>
  <testcase classname="testCases.TC003_LoginDDT" name="verify_loginDDT" time="1.525"/>
  <testcase classname="testCases.TC003_LoginDDT" name="verify_loginDDT" time="20.827"/>
  <testcase classname="testCases.TC003_LoginDDT" name="verify_loginDDT" time="20.739"/>
  <testcase classname="testCases.TC003_LoginDDT" name="verify_loginDDT" time="20.739"/>
  <testcase classname="testCases.TC003_LoginDDT" name="verify_loginDDT" time="1.276"/>
</testsuite> <!-- Test -->
